-------------------------------------------------------------------------------
Test set: za.ac.nwu.ac.repo.persistence.AccountTypeRepositoryTest
-------------------------------------------------------------------------------
Tests run: 8, Failures: 0, Errors: 8, Skipped: 0, Time elapsed: 3.15 s <<< FAILURE! - in za.ac.nwu.ac.repo.persistence.AccountTypeRepositoryTest
getAccountTypeDtoByMnemonicPlay(za.ac.nwu.ac.repo.persistence.AccountTypeRepositoryTest)  Time elapsed: 0 s  <<< ERROR!
java.lang.IllegalStateException: Failed to load ApplicationContext
Caused by: org.springframework.beans.factory.UnsatisfiedDependencyException: 
Error creating bean with name 'org.springframework.boot.autoconfigure.orm.jpa.HibernateJpaConfiguration': Unsatisfied dependency expressed through constructor parameter 0; nested exception is org.springframework.beans.factory.BeanCreationException: Error creating bean with name 'dataSource': Post-processing of FactoryBean's singleton object failed; nested exception is org.springframework.beans.factory.BeanCreationException: Error creating bean with name 'org.springframework.boot.autoconfigure.jdbc.DataSourceInitializerInvoker': Invocation of init method failed; nested exception is org.springframework.jdbc.datasource.init.ScriptStatementFailedException: Failed to execute SQL script statement #5 of URL [file:/D:/Documents/BscIT/ThirdYear/Semester%202/CMPG323/Project%201/Software/AccountSystemRepository/target/test-classes/schema.sql]: CREATE TABLE CMPG323.ACCOUNT_TX_DETAILS ( ACCOUNT_TX_DETAILS_ID BIGINT NOT NULL, TX_ID BIGINT NOT NULL, PARTNER_NAME VARCHAR(255) NOT NULL, NUMBER_OF_ITEMS BIGINT NOT NULL, PRIMARY KEY (ACCOUNT_TX_DETAILS_ID), CONSTRAINT FK_ACCOUNT_TYPE_IDL FOREIGN KEY (ACCOUNT_TYPE_ID) REFERENCES CMPG323.DEMO_ACCOUNT_TYPE (ACCOUNT_TYPE_ID), ); nested exception is org.h2.jdbc.JdbcSQLSyntaxErrorException: Constraint "FK_ACCOUNT_TYPE_IDL" already exists; SQL statement:
CREATE TABLE CMPG323.ACCOUNT_TX_DETAILS ( ACCOUNT_TX_DETAILS_ID BIGINT NOT NULL, TX_ID BIGINT NOT NULL, PARTNER_NAME VARCHAR(255) NOT NULL, NUMBER_OF_ITEMS BIGINT NOT NULL, PRIMARY KEY (ACCOUNT_TX_DETAILS_ID), CONSTRAINT FK_ACCOUNT_TYPE_IDL FOREIGN KEY (ACCOUNT_TYPE_ID) REFERENCES CMPG323.DEMO_ACCOUNT_TYPE (ACCOUNT_TYPE_ID), ) [90045-199]
Caused by: org.springframework.beans.factory.BeanCreationException: 
Error creating bean with name 'dataSource': Post-processing of FactoryBean's singleton object failed; nested exception is org.springframework.beans.factory.BeanCreationException: Error creating bean with name 'org.springframework.boot.autoconfigure.jdbc.DataSourceInitializerInvoker': Invocation of init method failed; nested exception is org.springframework.jdbc.datasource.init.ScriptStatementFailedException: Failed to execute SQL script statement #5 of URL [file:/D:/Documents/BscIT/ThirdYear/Semester%202/CMPG323/Project%201/Software/AccountSystemRepository/target/test-classes/schema.sql]: CREATE TABLE CMPG323.ACCOUNT_TX_DETAILS ( ACCOUNT_TX_DETAILS_ID BIGINT NOT NULL, TX_ID BIGINT NOT NULL, PARTNER_NAME VARCHAR(255) NOT NULL, NUMBER_OF_ITEMS BIGINT NOT NULL, PRIMARY KEY (ACCOUNT_TX_DETAILS_ID), CONSTRAINT FK_ACCOUNT_TYPE_IDL FOREIGN KEY (ACCOUNT_TYPE_ID) REFERENCES CMPG323.DEMO_ACCOUNT_TYPE (ACCOUNT_TYPE_ID), ); nested exception is org.h2.jdbc.JdbcSQLSyntaxErrorException: Constraint "FK_ACCOUNT_TYPE_IDL" already exists; SQL statement:
CREATE TABLE CMPG323.ACCOUNT_TX_DETAILS ( ACCOUNT_TX_DETAILS_ID BIGINT NOT NULL, TX_ID BIGINT NOT NULL, PARTNER_NAME VARCHAR(255) NOT NULL, NUMBER_OF_ITEMS BIGINT NOT NULL, PRIMARY KEY (ACCOUNT_TX_DETAILS_ID), CONSTRAINT FK_ACCOUNT_TYPE_IDL FOREIGN KEY (ACCOUNT_TYPE_ID) REFERENCES CMPG323.DEMO_ACCOUNT_TYPE (ACCOUNT_TYPE_ID), ) [90045-199]
Caused by: org.springframework.beans.factory.BeanCreationException: 
Error creating bean with name 'org.springframework.boot.autoconfigure.jdbc.DataSourceInitializerInvoker': Invocation of init method failed; nested exception is org.springframework.jdbc.datasource.init.ScriptStatementFailedException: Failed to execute SQL script statement #5 of URL [file:/D:/Documents/BscIT/ThirdYear/Semester%202/CMPG323/Project%201/Software/AccountSystemRepository/target/test-classes/schema.sql]: CREATE TABLE CMPG323.ACCOUNT_TX_DETAILS ( ACCOUNT_TX_DETAILS_ID BIGINT NOT NULL, TX_ID BIGINT NOT NULL, PARTNER_NAME VARCHAR(255) NOT NULL, NUMBER_OF_ITEMS BIGINT NOT NULL, PRIMARY KEY (ACCOUNT_TX_DETAILS_ID), CONSTRAINT FK_ACCOUNT_TYPE_IDL FOREIGN KEY (ACCOUNT_TYPE_ID) REFERENCES CMPG323.DEMO_ACCOUNT_TYPE (ACCOUNT_TYPE_ID), ); nested exception is org.h2.jdbc.JdbcSQLSyntaxErrorException: Constraint "FK_ACCOUNT_TYPE_IDL" already exists; SQL statement:
CREATE TABLE CMPG323.ACCOUNT_TX_DETAILS ( ACCOUNT_TX_DETAILS_ID BIGINT NOT NULL, TX_ID BIGINT NOT NULL, PARTNER_NAME VARCHAR(255) NOT NULL, NUMBER_OF_ITEMS BIGINT NOT NULL, PRIMARY KEY (ACCOUNT_TX_DETAILS_ID), CONSTRAINT FK_ACCOUNT_TYPE_IDL FOREIGN KEY (ACCOUNT_TYPE_ID) REFERENCES CMPG323.DEMO_ACCOUNT_TYPE (ACCOUNT_TYPE_ID), ) [90045-199]
Caused by: org.springframework.jdbc.datasource.init.ScriptStatementFailedException: 
Failed to execute SQL script statement #5 of URL [file:/D:/Documents/BscIT/ThirdYear/Semester%202/CMPG323/Project%201/Software/AccountSystemRepository/target/test-classes/schema.sql]: CREATE TABLE CMPG323.ACCOUNT_TX_DETAILS ( ACCOUNT_TX_DETAILS_ID BIGINT NOT NULL, TX_ID BIGINT NOT NULL, PARTNER_NAME VARCHAR(255) NOT NULL, NUMBER_OF_ITEMS BIGINT NOT NULL, PRIMARY KEY (ACCOUNT_TX_DETAILS_ID), CONSTRAINT FK_ACCOUNT_TYPE_IDL FOREIGN KEY (ACCOUNT_TYPE_ID) REFERENCES CMPG323.DEMO_ACCOUNT_TYPE (ACCOUNT_TYPE_ID), ); nested exception is org.h2.jdbc.JdbcSQLSyntaxErrorException: Constraint "FK_ACCOUNT_TYPE_IDL" already exists; SQL statement:
CREATE TABLE CMPG323.ACCOUNT_TX_DETAILS ( ACCOUNT_TX_DETAILS_ID BIGINT NOT NULL, TX_ID BIGINT NOT NULL, PARTNER_NAME VARCHAR(255) NOT NULL, NUMBER_OF_ITEMS BIGINT NOT NULL, PRIMARY KEY (ACCOUNT_TX_DETAILS_ID), CONSTRAINT FK_ACCOUNT_TYPE_IDL FOREIGN KEY (ACCOUNT_TYPE_ID) REFERENCES CMPG323.DEMO_ACCOUNT_TYPE (ACCOUNT_TYPE_ID), ) [90045-199]
Caused by: org.h2.jdbc.JdbcSQLSyntaxErrorException: 
Constraint "FK_ACCOUNT_TYPE_IDL" already exists; SQL statement:
CREATE TABLE CMPG323.ACCOUNT_TX_DETAILS ( ACCOUNT_TX_DETAILS_ID BIGINT NOT NULL, TX_ID BIGINT NOT NULL, PARTNER_NAME VARCHAR(255) NOT NULL, NUMBER_OF_ITEMS BIGINT NOT NULL, PRIMARY KEY (ACCOUNT_TX_DETAILS_ID), CONSTRAINT FK_ACCOUNT_TYPE_IDL FOREIGN KEY (ACCOUNT_TYPE_ID) REFERENCES CMPG323.DEMO_ACCOUNT_TYPE (ACCOUNT_TYPE_ID), ) [90045-199]

getAccountTypeDtoByMnemonic(za.ac.nwu.ac.repo.persistence.AccountTypeRepositoryTest)  Time elapsed: 0 s  <<< ERROR!
java.lang.IllegalStateException: Failed to load ApplicationContext
Caused by: org.springframework.beans.factory.UnsatisfiedDependencyException: 
Error creating bean with name 'org.springframework.boot.autoconfigure.orm.jpa.HibernateJpaConfiguration': Unsatisfied dependency expressed through constructor parameter 0; nested exception is org.springframework.beans.factory.BeanCreationException: Error creating bean with name 'dataSource': Post-processing of FactoryBean's singleton object failed; nested exception is org.springframework.beans.factory.BeanCreationException: Error creating bean with name 'org.springframework.boot.autoconfigure.jdbc.DataSourceInitializerInvoker': Invocation of init method failed; nested exception is org.springframework.jdbc.datasource.init.ScriptStatementFailedException: Failed to execute SQL script statement #5 of URL [file:/D:/Documents/BscIT/ThirdYear/Semester%202/CMPG323/Project%201/Software/AccountSystemRepository/target/test-classes/schema.sql]: CREATE TABLE CMPG323.ACCOUNT_TX_DETAILS ( ACCOUNT_TX_DETAILS_ID BIGINT NOT NULL, TX_ID BIGINT NOT NULL, PARTNER_NAME VARCHAR(255) NOT NULL, NUMBER_OF_ITEMS BIGINT NOT NULL, PRIMARY KEY (ACCOUNT_TX_DETAILS_ID), CONSTRAINT FK_ACCOUNT_TYPE_IDL FOREIGN KEY (ACCOUNT_TYPE_ID) REFERENCES CMPG323.DEMO_ACCOUNT_TYPE (ACCOUNT_TYPE_ID), ); nested exception is org.h2.jdbc.JdbcSQLSyntaxErrorException: Constraint "FK_ACCOUNT_TYPE_IDL" already exists; SQL statement:
CREATE TABLE CMPG323.ACCOUNT_TX_DETAILS ( ACCOUNT_TX_DETAILS_ID BIGINT NOT NULL, TX_ID BIGINT NOT NULL, PARTNER_NAME VARCHAR(255) NOT NULL, NUMBER_OF_ITEMS BIGINT NOT NULL, PRIMARY KEY (ACCOUNT_TX_DETAILS_ID), CONSTRAINT FK_ACCOUNT_TYPE_IDL FOREIGN KEY (ACCOUNT_TYPE_ID) REFERENCES CMPG323.DEMO_ACCOUNT_TYPE (ACCOUNT_TYPE_ID), ) [90045-199]
Caused by: org.springframework.beans.factory.BeanCreationException: 
Error creating bean with name 'dataSource': Post-processing of FactoryBean's singleton object failed; nested exception is org.springframework.beans.factory.BeanCreationException: Error creating bean with name 'org.springframework.boot.autoconfigure.jdbc.DataSourceInitializerInvoker': Invocation of init method failed; nested exception is org.springframework.jdbc.datasource.init.ScriptStatementFailedException: Failed to execute SQL script statement #5 of URL [file:/D:/Documents/BscIT/ThirdYear/Semester%202/CMPG323/Project%201/Software/AccountSystemRepository/target/test-classes/schema.sql]: CREATE TABLE CMPG323.ACCOUNT_TX_DETAILS ( ACCOUNT_TX_DETAILS_ID BIGINT NOT NULL, TX_ID BIGINT NOT NULL, PARTNER_NAME VARCHAR(255) NOT NULL, NUMBER_OF_ITEMS BIGINT NOT NULL, PRIMARY KEY (ACCOUNT_TX_DETAILS_ID), CONSTRAINT FK_ACCOUNT_TYPE_IDL FOREIGN KEY (ACCOUNT_TYPE_ID) REFERENCES CMPG323.DEMO_ACCOUNT_TYPE (ACCOUNT_TYPE_ID), ); nested exception is org.h2.jdbc.JdbcSQLSyntaxErrorException: Constraint "FK_ACCOUNT_TYPE_IDL" already exists; SQL statement:
CREATE TABLE CMPG323.ACCOUNT_TX_DETAILS ( ACCOUNT_TX_DETAILS_ID BIGINT NOT NULL, TX_ID BIGINT NOT NULL, PARTNER_NAME VARCHAR(255) NOT NULL, NUMBER_OF_ITEMS BIGINT NOT NULL, PRIMARY KEY (ACCOUNT_TX_DETAILS_ID), CONSTRAINT FK_ACCOUNT_TYPE_IDL FOREIGN KEY (ACCOUNT_TYPE_ID) REFERENCES CMPG323.DEMO_ACCOUNT_TYPE (ACCOUNT_TYPE_ID), ) [90045-199]
Caused by: org.springframework.beans.factory.BeanCreationException: 
Error creating bean with name 'org.springframework.boot.autoconfigure.jdbc.DataSourceInitializerInvoker': Invocation of init method failed; nested exception is org.springframework.jdbc.datasource.init.ScriptStatementFailedException: Failed to execute SQL script statement #5 of URL [file:/D:/Documents/BscIT/ThirdYear/Semester%202/CMPG323/Project%201/Software/AccountSystemRepository/target/test-classes/schema.sql]: CREATE TABLE CMPG323.ACCOUNT_TX_DETAILS ( ACCOUNT_TX_DETAILS_ID BIGINT NOT NULL, TX_ID BIGINT NOT NULL, PARTNER_NAME VARCHAR(255) NOT NULL, NUMBER_OF_ITEMS BIGINT NOT NULL, PRIMARY KEY (ACCOUNT_TX_DETAILS_ID), CONSTRAINT FK_ACCOUNT_TYPE_IDL FOREIGN KEY (ACCOUNT_TYPE_ID) REFERENCES CMPG323.DEMO_ACCOUNT_TYPE (ACCOUNT_TYPE_ID), ); nested exception is org.h2.jdbc.JdbcSQLSyntaxErrorException: Constraint "FK_ACCOUNT_TYPE_IDL" already exists; SQL statement:
CREATE TABLE CMPG323.ACCOUNT_TX_DETAILS ( ACCOUNT_TX_DETAILS_ID BIGINT NOT NULL, TX_ID BIGINT NOT NULL, PARTNER_NAME VARCHAR(255) NOT NULL, NUMBER_OF_ITEMS BIGINT NOT NULL, PRIMARY KEY (ACCOUNT_TX_DETAILS_ID), CONSTRAINT FK_ACCOUNT_TYPE_IDL FOREIGN KEY (ACCOUNT_TYPE_ID) REFERENCES CMPG323.DEMO_ACCOUNT_TYPE (ACCOUNT_TYPE_ID), ) [90045-199]
Caused by: org.springframework.jdbc.datasource.init.ScriptStatementFailedException: 
Failed to execute SQL script statement #5 of URL [file:/D:/Documents/BscIT/ThirdYear/Semester%202/CMPG323/Project%201/Software/AccountSystemRepository/target/test-classes/schema.sql]: CREATE TABLE CMPG323.ACCOUNT_TX_DETAILS ( ACCOUNT_TX_DETAILS_ID BIGINT NOT NULL, TX_ID BIGINT NOT NULL, PARTNER_NAME VARCHAR(255) NOT NULL, NUMBER_OF_ITEMS BIGINT NOT NULL, PRIMARY KEY (ACCOUNT_TX_DETAILS_ID), CONSTRAINT FK_ACCOUNT_TYPE_IDL FOREIGN KEY (ACCOUNT_TYPE_ID) REFERENCES CMPG323.DEMO_ACCOUNT_TYPE (ACCOUNT_TYPE_ID), ); nested exception is org.h2.jdbc.JdbcSQLSyntaxErrorException: Constraint "FK_ACCOUNT_TYPE_IDL" already exists; SQL statement:
CREATE TABLE CMPG323.ACCOUNT_TX_DETAILS ( ACCOUNT_TX_DETAILS_ID BIGINT NOT NULL, TX_ID BIGINT NOT NULL, PARTNER_NAME VARCHAR(255) NOT NULL, NUMBER_OF_ITEMS BIGINT NOT NULL, PRIMARY KEY (ACCOUNT_TX_DETAILS_ID), CONSTRAINT FK_ACCOUNT_TYPE_IDL FOREIGN KEY (ACCOUNT_TYPE_ID) REFERENCES CMPG323.DEMO_ACCOUNT_TYPE (ACCOUNT_TYPE_ID), ) [90045-199]
Caused by: org.h2.jdbc.JdbcSQLSyntaxErrorException: 
Constraint "FK_ACCOUNT_TYPE_IDL" already exists; SQL statement:
CREATE TABLE CMPG323.ACCOUNT_TX_DETAILS ( ACCOUNT_TX_DETAILS_ID BIGINT NOT NULL, TX_ID BIGINT NOT NULL, PARTNER_NAME VARCHAR(255) NOT NULL, NUMBER_OF_ITEMS BIGINT NOT NULL, PRIMARY KEY (ACCOUNT_TX_DETAILS_ID), CONSTRAINT FK_ACCOUNT_TYPE_IDL FOREIGN KEY (ACCOUNT_TYPE_ID) REFERENCES CMPG323.DEMO_ACCOUNT_TYPE (ACCOUNT_TYPE_ID), ) [90045-199]

getAccountTypeByMnemonicPlay(za.ac.nwu.ac.repo.persistence.AccountTypeRepositoryTest)  Time elapsed: 0 s  <<< ERROR!
java.lang.IllegalStateException: Failed to load ApplicationContext
Caused by: org.springframework.beans.factory.UnsatisfiedDependencyException: 
Error creating bean with name 'org.springframework.boot.autoconfigure.orm.jpa.HibernateJpaConfiguration': Unsatisfied dependency expressed through constructor parameter 0; nested exception is org.springframework.beans.factory.BeanCreationException: Error creating bean with name 'dataSource': Post-processing of FactoryBean's singleton object failed; nested exception is org.springframework.beans.factory.BeanCreationException: Error creating bean with name 'org.springframework.boot.autoconfigure.jdbc.DataSourceInitializerInvoker': Invocation of init method failed; nested exception is org.springframework.jdbc.datasource.init.ScriptStatementFailedException: Failed to execute SQL script statement #5 of URL [file:/D:/Documents/BscIT/ThirdYear/Semester%202/CMPG323/Project%201/Software/AccountSystemRepository/target/test-classes/schema.sql]: CREATE TABLE CMPG323.ACCOUNT_TX_DETAILS ( ACCOUNT_TX_DETAILS_ID BIGINT NOT NULL, TX_ID BIGINT NOT NULL, PARTNER_NAME VARCHAR(255) NOT NULL, NUMBER_OF_ITEMS BIGINT NOT NULL, PRIMARY KEY (ACCOUNT_TX_DETAILS_ID), CONSTRAINT FK_ACCOUNT_TYPE_IDL FOREIGN KEY (ACCOUNT_TYPE_ID) REFERENCES CMPG323.DEMO_ACCOUNT_TYPE (ACCOUNT_TYPE_ID), ); nested exception is org.h2.jdbc.JdbcSQLSyntaxErrorException: Constraint "FK_ACCOUNT_TYPE_IDL" already exists; SQL statement:
CREATE TABLE CMPG323.ACCOUNT_TX_DETAILS ( ACCOUNT_TX_DETAILS_ID BIGINT NOT NULL, TX_ID BIGINT NOT NULL, PARTNER_NAME VARCHAR(255) NOT NULL, NUMBER_OF_ITEMS BIGINT NOT NULL, PRIMARY KEY (ACCOUNT_TX_DETAILS_ID), CONSTRAINT FK_ACCOUNT_TYPE_IDL FOREIGN KEY (ACCOUNT_TYPE_ID) REFERENCES CMPG323.DEMO_ACCOUNT_TYPE (ACCOUNT_TYPE_ID), ) [90045-199]
Caused by: org.springframework.beans.factory.BeanCreationException: 
Error creating bean with name 'dataSource': Post-processing of FactoryBean's singleton object failed; nested exception is org.springframework.beans.factory.BeanCreationException: Error creating bean with name 'org.springframework.boot.autoconfigure.jdbc.DataSourceInitializerInvoker': Invocation of init method failed; nested exception is org.springframework.jdbc.datasource.init.ScriptStatementFailedException: Failed to execute SQL script statement #5 of URL [file:/D:/Documents/BscIT/ThirdYear/Semester%202/CMPG323/Project%201/Software/AccountSystemRepository/target/test-classes/schema.sql]: CREATE TABLE CMPG323.ACCOUNT_TX_DETAILS ( ACCOUNT_TX_DETAILS_ID BIGINT NOT NULL, TX_ID BIGINT NOT NULL, PARTNER_NAME VARCHAR(255) NOT NULL, NUMBER_OF_ITEMS BIGINT NOT NULL, PRIMARY KEY (ACCOUNT_TX_DETAILS_ID), CONSTRAINT FK_ACCOUNT_TYPE_IDL FOREIGN KEY (ACCOUNT_TYPE_ID) REFERENCES CMPG323.DEMO_ACCOUNT_TYPE (ACCOUNT_TYPE_ID), ); nested exception is org.h2.jdbc.JdbcSQLSyntaxErrorException: Constraint "FK_ACCOUNT_TYPE_IDL" already exists; SQL statement:
CREATE TABLE CMPG323.ACCOUNT_TX_DETAILS ( ACCOUNT_TX_DETAILS_ID BIGINT NOT NULL, TX_ID BIGINT NOT NULL, PARTNER_NAME VARCHAR(255) NOT NULL, NUMBER_OF_ITEMS BIGINT NOT NULL, PRIMARY KEY (ACCOUNT_TX_DETAILS_ID), CONSTRAINT FK_ACCOUNT_TYPE_IDL FOREIGN KEY (ACCOUNT_TYPE_ID) REFERENCES CMPG323.DEMO_ACCOUNT_TYPE (ACCOUNT_TYPE_ID), ) [90045-199]
Caused by: org.springframework.beans.factory.BeanCreationException: 
Error creating bean with name 'org.springframework.boot.autoconfigure.jdbc.DataSourceInitializerInvoker': Invocation of init method failed; nested exception is org.springframework.jdbc.datasource.init.ScriptStatementFailedException: Failed to execute SQL script statement #5 of URL [file:/D:/Documents/BscIT/ThirdYear/Semester%202/CMPG323/Project%201/Software/AccountSystemRepository/target/test-classes/schema.sql]: CREATE TABLE CMPG323.ACCOUNT_TX_DETAILS ( ACCOUNT_TX_DETAILS_ID BIGINT NOT NULL, TX_ID BIGINT NOT NULL, PARTNER_NAME VARCHAR(255) NOT NULL, NUMBER_OF_ITEMS BIGINT NOT NULL, PRIMARY KEY (ACCOUNT_TX_DETAILS_ID), CONSTRAINT FK_ACCOUNT_TYPE_IDL FOREIGN KEY (ACCOUNT_TYPE_ID) REFERENCES CMPG323.DEMO_ACCOUNT_TYPE (ACCOUNT_TYPE_ID), ); nested exception is org.h2.jdbc.JdbcSQLSyntaxErrorException: Constraint "FK_ACCOUNT_TYPE_IDL" already exists; SQL statement:
CREATE TABLE CMPG323.ACCOUNT_TX_DETAILS ( ACCOUNT_TX_DETAILS_ID BIGINT NOT NULL, TX_ID BIGINT NOT NULL, PARTNER_NAME VARCHAR(255) NOT NULL, NUMBER_OF_ITEMS BIGINT NOT NULL, PRIMARY KEY (ACCOUNT_TX_DETAILS_ID), CONSTRAINT FK_ACCOUNT_TYPE_IDL FOREIGN KEY (ACCOUNT_TYPE_ID) REFERENCES CMPG323.DEMO_ACCOUNT_TYPE (ACCOUNT_TYPE_ID), ) [90045-199]
Caused by: org.springframework.jdbc.datasource.init.ScriptStatementFailedException: 
Failed to execute SQL script statement #5 of URL [file:/D:/Documents/BscIT/ThirdYear/Semester%202/CMPG323/Project%201/Software/AccountSystemRepository/target/test-classes/schema.sql]: CREATE TABLE CMPG323.ACCOUNT_TX_DETAILS ( ACCOUNT_TX_DETAILS_ID BIGINT NOT NULL, TX_ID BIGINT NOT NULL, PARTNER_NAME VARCHAR(255) NOT NULL, NUMBER_OF_ITEMS BIGINT NOT NULL, PRIMARY KEY (ACCOUNT_TX_DETAILS_ID), CONSTRAINT FK_ACCOUNT_TYPE_IDL FOREIGN KEY (ACCOUNT_TYPE_ID) REFERENCES CMPG323.DEMO_ACCOUNT_TYPE (ACCOUNT_TYPE_ID), ); nested exception is org.h2.jdbc.JdbcSQLSyntaxErrorException: Constraint "FK_ACCOUNT_TYPE_IDL" already exists; SQL statement:
CREATE TABLE CMPG323.ACCOUNT_TX_DETAILS ( ACCOUNT_TX_DETAILS_ID BIGINT NOT NULL, TX_ID BIGINT NOT NULL, PARTNER_NAME VARCHAR(255) NOT NULL, NUMBER_OF_ITEMS BIGINT NOT NULL, PRIMARY KEY (ACCOUNT_TX_DETAILS_ID), CONSTRAINT FK_ACCOUNT_TYPE_IDL FOREIGN KEY (ACCOUNT_TYPE_ID) REFERENCES CMPG323.DEMO_ACCOUNT_TYPE (ACCOUNT_TYPE_ID), ) [90045-199]
Caused by: org.h2.jdbc.JdbcSQLSyntaxErrorException: 
Constraint "FK_ACCOUNT_TYPE_IDL" already exists; SQL statement:
CREATE TABLE CMPG323.ACCOUNT_TX_DETAILS ( ACCOUNT_TX_DETAILS_ID BIGINT NOT NULL, TX_ID BIGINT NOT NULL, PARTNER_NAME VARCHAR(255) NOT NULL, NUMBER_OF_ITEMS BIGINT NOT NULL, PRIMARY KEY (ACCOUNT_TX_DETAILS_ID), CONSTRAINT FK_ACCOUNT_TYPE_IDL FOREIGN KEY (ACCOUNT_TYPE_ID) REFERENCES CMPG323.DEMO_ACCOUNT_TYPE (ACCOUNT_TYPE_ID), ) [90045-199]

getAccountTypeByMnemonicNativeQueryMiles(za.ac.nwu.ac.repo.persistence.AccountTypeRepositoryTest)  Time elapsed: 0 s  <<< ERROR!
java.lang.IllegalStateException: Failed to load ApplicationContext
Caused by: org.springframework.beans.factory.UnsatisfiedDependencyException: 
Error creating bean with name 'org.springframework.boot.autoconfigure.orm.jpa.HibernateJpaConfiguration': Unsatisfied dependency expressed through constructor parameter 0; nested exception is org.springframework.beans.factory.BeanCreationException: Error creating bean with name 'dataSource': Post-processing of FactoryBean's singleton object failed; nested exception is org.springframework.beans.factory.BeanCreationException: Error creating bean with name 'org.springframework.boot.autoconfigure.jdbc.DataSourceInitializerInvoker': Invocation of init method failed; nested exception is org.springframework.jdbc.datasource.init.ScriptStatementFailedException: Failed to execute SQL script statement #5 of URL [file:/D:/Documents/BscIT/ThirdYear/Semester%202/CMPG323/Project%201/Software/AccountSystemRepository/target/test-classes/schema.sql]: CREATE TABLE CMPG323.ACCOUNT_TX_DETAILS ( ACCOUNT_TX_DETAILS_ID BIGINT NOT NULL, TX_ID BIGINT NOT NULL, PARTNER_NAME VARCHAR(255) NOT NULL, NUMBER_OF_ITEMS BIGINT NOT NULL, PRIMARY KEY (ACCOUNT_TX_DETAILS_ID), CONSTRAINT FK_ACCOUNT_TYPE_IDL FOREIGN KEY (ACCOUNT_TYPE_ID) REFERENCES CMPG323.DEMO_ACCOUNT_TYPE (ACCOUNT_TYPE_ID), ); nested exception is org.h2.jdbc.JdbcSQLSyntaxErrorException: Constraint "FK_ACCOUNT_TYPE_IDL" already exists; SQL statement:
CREATE TABLE CMPG323.ACCOUNT_TX_DETAILS ( ACCOUNT_TX_DETAILS_ID BIGINT NOT NULL, TX_ID BIGINT NOT NULL, PARTNER_NAME VARCHAR(255) NOT NULL, NUMBER_OF_ITEMS BIGINT NOT NULL, PRIMARY KEY (ACCOUNT_TX_DETAILS_ID), CONSTRAINT FK_ACCOUNT_TYPE_IDL FOREIGN KEY (ACCOUNT_TYPE_ID) REFERENCES CMPG323.DEMO_ACCOUNT_TYPE (ACCOUNT_TYPE_ID), ) [90045-199]
Caused by: org.springframework.beans.factory.BeanCreationException: 
Error creating bean with name 'dataSource': Post-processing of FactoryBean's singleton object failed; nested exception is org.springframework.beans.factory.BeanCreationException: Error creating bean with name 'org.springframework.boot.autoconfigure.jdbc.DataSourceInitializerInvoker': Invocation of init method failed; nested exception is org.springframework.jdbc.datasource.init.ScriptStatementFailedException: Failed to execute SQL script statement #5 of URL [file:/D:/Documents/BscIT/ThirdYear/Semester%202/CMPG323/Project%201/Software/AccountSystemRepository/target/test-classes/schema.sql]: CREATE TABLE CMPG323.ACCOUNT_TX_DETAILS ( ACCOUNT_TX_DETAILS_ID BIGINT NOT NULL, TX_ID BIGINT NOT NULL, PARTNER_NAME VARCHAR(255) NOT NULL, NUMBER_OF_ITEMS BIGINT NOT NULL, PRIMARY KEY (ACCOUNT_TX_DETAILS_ID), CONSTRAINT FK_ACCOUNT_TYPE_IDL FOREIGN KEY (ACCOUNT_TYPE_ID) REFERENCES CMPG323.DEMO_ACCOUNT_TYPE (ACCOUNT_TYPE_ID), ); nested exception is org.h2.jdbc.JdbcSQLSyntaxErrorException: Constraint "FK_ACCOUNT_TYPE_IDL" already exists; SQL statement:
CREATE TABLE CMPG323.ACCOUNT_TX_DETAILS ( ACCOUNT_TX_DETAILS_ID BIGINT NOT NULL, TX_ID BIGINT NOT NULL, PARTNER_NAME VARCHAR(255) NOT NULL, NUMBER_OF_ITEMS BIGINT NOT NULL, PRIMARY KEY (ACCOUNT_TX_DETAILS_ID), CONSTRAINT FK_ACCOUNT_TYPE_IDL FOREIGN KEY (ACCOUNT_TYPE_ID) REFERENCES CMPG323.DEMO_ACCOUNT_TYPE (ACCOUNT_TYPE_ID), ) [90045-199]
Caused by: org.springframework.beans.factory.BeanCreationException: 
Error creating bean with name 'org.springframework.boot.autoconfigure.jdbc.DataSourceInitializerInvoker': Invocation of init method failed; nested exception is org.springframework.jdbc.datasource.init.ScriptStatementFailedException: Failed to execute SQL script statement #5 of URL [file:/D:/Documents/BscIT/ThirdYear/Semester%202/CMPG323/Project%201/Software/AccountSystemRepository/target/test-classes/schema.sql]: CREATE TABLE CMPG323.ACCOUNT_TX_DETAILS ( ACCOUNT_TX_DETAILS_ID BIGINT NOT NULL, TX_ID BIGINT NOT NULL, PARTNER_NAME VARCHAR(255) NOT NULL, NUMBER_OF_ITEMS BIGINT NOT NULL, PRIMARY KEY (ACCOUNT_TX_DETAILS_ID), CONSTRAINT FK_ACCOUNT_TYPE_IDL FOREIGN KEY (ACCOUNT_TYPE_ID) REFERENCES CMPG323.DEMO_ACCOUNT_TYPE (ACCOUNT_TYPE_ID), ); nested exception is org.h2.jdbc.JdbcSQLSyntaxErrorException: Constraint "FK_ACCOUNT_TYPE_IDL" already exists; SQL statement:
CREATE TABLE CMPG323.ACCOUNT_TX_DETAILS ( ACCOUNT_TX_DETAILS_ID BIGINT NOT NULL, TX_ID BIGINT NOT NULL, PARTNER_NAME VARCHAR(255) NOT NULL, NUMBER_OF_ITEMS BIGINT NOT NULL, PRIMARY KEY (ACCOUNT_TX_DETAILS_ID), CONSTRAINT FK_ACCOUNT_TYPE_IDL FOREIGN KEY (ACCOUNT_TYPE_ID) REFERENCES CMPG323.DEMO_ACCOUNT_TYPE (ACCOUNT_TYPE_ID), ) [90045-199]
Caused by: org.springframework.jdbc.datasource.init.ScriptStatementFailedException: 
Failed to execute SQL script statement #5 of URL [file:/D:/Documents/BscIT/ThirdYear/Semester%202/CMPG323/Project%201/Software/AccountSystemRepository/target/test-classes/schema.sql]: CREATE TABLE CMPG323.ACCOUNT_TX_DETAILS ( ACCOUNT_TX_DETAILS_ID BIGINT NOT NULL, TX_ID BIGINT NOT NULL, PARTNER_NAME VARCHAR(255) NOT NULL, NUMBER_OF_ITEMS BIGINT NOT NULL, PRIMARY KEY (ACCOUNT_TX_DETAILS_ID), CONSTRAINT FK_ACCOUNT_TYPE_IDL FOREIGN KEY (ACCOUNT_TYPE_ID) REFERENCES CMPG323.DEMO_ACCOUNT_TYPE (ACCOUNT_TYPE_ID), ); nested exception is org.h2.jdbc.JdbcSQLSyntaxErrorException: Constraint "FK_ACCOUNT_TYPE_IDL" already exists; SQL statement:
CREATE TABLE CMPG323.ACCOUNT_TX_DETAILS ( ACCOUNT_TX_DETAILS_ID BIGINT NOT NULL, TX_ID BIGINT NOT NULL, PARTNER_NAME VARCHAR(255) NOT NULL, NUMBER_OF_ITEMS BIGINT NOT NULL, PRIMARY KEY (ACCOUNT_TX_DETAILS_ID), CONSTRAINT FK_ACCOUNT_TYPE_IDL FOREIGN KEY (ACCOUNT_TYPE_ID) REFERENCES CMPG323.DEMO_ACCOUNT_TYPE (ACCOUNT_TYPE_ID), ) [90045-199]
Caused by: org.h2.jdbc.JdbcSQLSyntaxErrorException: 
Constraint "FK_ACCOUNT_TYPE_IDL" already exists; SQL statement:
CREATE TABLE CMPG323.ACCOUNT_TX_DETAILS ( ACCOUNT_TX_DETAILS_ID BIGINT NOT NULL, TX_ID BIGINT NOT NULL, PARTNER_NAME VARCHAR(255) NOT NULL, NUMBER_OF_ITEMS BIGINT NOT NULL, PRIMARY KEY (ACCOUNT_TX_DETAILS_ID), CONSTRAINT FK_ACCOUNT_TYPE_IDL FOREIGN KEY (ACCOUNT_TYPE_ID) REFERENCES CMPG323.DEMO_ACCOUNT_TYPE (ACCOUNT_TYPE_ID), ) [90045-199]

getAccountTypeByMnemonic(za.ac.nwu.ac.repo.persistence.AccountTypeRepositoryTest)  Time elapsed: 0 s  <<< ERROR!
java.lang.IllegalStateException: Failed to load ApplicationContext
Caused by: org.springframework.beans.factory.UnsatisfiedDependencyException: 
Error creating bean with name 'org.springframework.boot.autoconfigure.orm.jpa.HibernateJpaConfiguration': Unsatisfied dependency expressed through constructor parameter 0; nested exception is org.springframework.beans.factory.BeanCreationException: Error creating bean with name 'dataSource': Post-processing of FactoryBean's singleton object failed; nested exception is org.springframework.beans.factory.BeanCreationException: Error creating bean with name 'org.springframework.boot.autoconfigure.jdbc.DataSourceInitializerInvoker': Invocation of init method failed; nested exception is org.springframework.jdbc.datasource.init.ScriptStatementFailedException: Failed to execute SQL script statement #5 of URL [file:/D:/Documents/BscIT/ThirdYear/Semester%202/CMPG323/Project%201/Software/AccountSystemRepository/target/test-classes/schema.sql]: CREATE TABLE CMPG323.ACCOUNT_TX_DETAILS ( ACCOUNT_TX_DETAILS_ID BIGINT NOT NULL, TX_ID BIGINT NOT NULL, PARTNER_NAME VARCHAR(255) NOT NULL, NUMBER_OF_ITEMS BIGINT NOT NULL, PRIMARY KEY (ACCOUNT_TX_DETAILS_ID), CONSTRAINT FK_ACCOUNT_TYPE_IDL FOREIGN KEY (ACCOUNT_TYPE_ID) REFERENCES CMPG323.DEMO_ACCOUNT_TYPE (ACCOUNT_TYPE_ID), ); nested exception is org.h2.jdbc.JdbcSQLSyntaxErrorException: Constraint "FK_ACCOUNT_TYPE_IDL" already exists; SQL statement:
CREATE TABLE CMPG323.ACCOUNT_TX_DETAILS ( ACCOUNT_TX_DETAILS_ID BIGINT NOT NULL, TX_ID BIGINT NOT NULL, PARTNER_NAME VARCHAR(255) NOT NULL, NUMBER_OF_ITEMS BIGINT NOT NULL, PRIMARY KEY (ACCOUNT_TX_DETAILS_ID), CONSTRAINT FK_ACCOUNT_TYPE_IDL FOREIGN KEY (ACCOUNT_TYPE_ID) REFERENCES CMPG323.DEMO_ACCOUNT_TYPE (ACCOUNT_TYPE_ID), ) [90045-199]
Caused by: org.springframework.beans.factory.BeanCreationException: 
Error creating bean with name 'dataSource': Post-processing of FactoryBean's singleton object failed; nested exception is org.springframework.beans.factory.BeanCreationException: Error creating bean with name 'org.springframework.boot.autoconfigure.jdbc.DataSourceInitializerInvoker': Invocation of init method failed; nested exception is org.springframework.jdbc.datasource.init.ScriptStatementFailedException: Failed to execute SQL script statement #5 of URL [file:/D:/Documents/BscIT/ThirdYear/Semester%202/CMPG323/Project%201/Software/AccountSystemRepository/target/test-classes/schema.sql]: CREATE TABLE CMPG323.ACCOUNT_TX_DETAILS ( ACCOUNT_TX_DETAILS_ID BIGINT NOT NULL, TX_ID BIGINT NOT NULL, PARTNER_NAME VARCHAR(255) NOT NULL, NUMBER_OF_ITEMS BIGINT NOT NULL, PRIMARY KEY (ACCOUNT_TX_DETAILS_ID), CONSTRAINT FK_ACCOUNT_TYPE_IDL FOREIGN KEY (ACCOUNT_TYPE_ID) REFERENCES CMPG323.DEMO_ACCOUNT_TYPE (ACCOUNT_TYPE_ID), ); nested exception is org.h2.jdbc.JdbcSQLSyntaxErrorException: Constraint "FK_ACCOUNT_TYPE_IDL" already exists; SQL statement:
CREATE TABLE CMPG323.ACCOUNT_TX_DETAILS ( ACCOUNT_TX_DETAILS_ID BIGINT NOT NULL, TX_ID BIGINT NOT NULL, PARTNER_NAME VARCHAR(255) NOT NULL, NUMBER_OF_ITEMS BIGINT NOT NULL, PRIMARY KEY (ACCOUNT_TX_DETAILS_ID), CONSTRAINT FK_ACCOUNT_TYPE_IDL FOREIGN KEY (ACCOUNT_TYPE_ID) REFERENCES CMPG323.DEMO_ACCOUNT_TYPE (ACCOUNT_TYPE_ID), ) [90045-199]
Caused by: org.springframework.beans.factory.BeanCreationException: 
Error creating bean with name 'org.springframework.boot.autoconfigure.jdbc.DataSourceInitializerInvoker': Invocation of init method failed; nested exception is org.springframework.jdbc.datasource.init.ScriptStatementFailedException: Failed to execute SQL script statement #5 of URL [file:/D:/Documents/BscIT/ThirdYear/Semester%202/CMPG323/Project%201/Software/AccountSystemRepository/target/test-classes/schema.sql]: CREATE TABLE CMPG323.ACCOUNT_TX_DETAILS ( ACCOUNT_TX_DETAILS_ID BIGINT NOT NULL, TX_ID BIGINT NOT NULL, PARTNER_NAME VARCHAR(255) NOT NULL, NUMBER_OF_ITEMS BIGINT NOT NULL, PRIMARY KEY (ACCOUNT_TX_DETAILS_ID), CONSTRAINT FK_ACCOUNT_TYPE_IDL FOREIGN KEY (ACCOUNT_TYPE_ID) REFERENCES CMPG323.DEMO_ACCOUNT_TYPE (ACCOUNT_TYPE_ID), ); nested exception is org.h2.jdbc.JdbcSQLSyntaxErrorException: Constraint "FK_ACCOUNT_TYPE_IDL" already exists; SQL statement:
CREATE TABLE CMPG323.ACCOUNT_TX_DETAILS ( ACCOUNT_TX_DETAILS_ID BIGINT NOT NULL, TX_ID BIGINT NOT NULL, PARTNER_NAME VARCHAR(255) NOT NULL, NUMBER_OF_ITEMS BIGINT NOT NULL, PRIMARY KEY (ACCOUNT_TX_DETAILS_ID), CONSTRAINT FK_ACCOUNT_TYPE_IDL FOREIGN KEY (ACCOUNT_TYPE_ID) REFERENCES CMPG323.DEMO_ACCOUNT_TYPE (ACCOUNT_TYPE_ID), ) [90045-199]
Caused by: org.springframework.jdbc.datasource.init.ScriptStatementFailedException: 
Failed to execute SQL script statement #5 of URL [file:/D:/Documents/BscIT/ThirdYear/Semester%202/CMPG323/Project%201/Software/AccountSystemRepository/target/test-classes/schema.sql]: CREATE TABLE CMPG323.ACCOUNT_TX_DETAILS ( ACCOUNT_TX_DETAILS_ID BIGINT NOT NULL, TX_ID BIGINT NOT NULL, PARTNER_NAME VARCHAR(255) NOT NULL, NUMBER_OF_ITEMS BIGINT NOT NULL, PRIMARY KEY (ACCOUNT_TX_DETAILS_ID), CONSTRAINT FK_ACCOUNT_TYPE_IDL FOREIGN KEY (ACCOUNT_TYPE_ID) REFERENCES CMPG323.DEMO_ACCOUNT_TYPE (ACCOUNT_TYPE_ID), ); nested exception is org.h2.jdbc.JdbcSQLSyntaxErrorException: Constraint "FK_ACCOUNT_TYPE_IDL" already exists; SQL statement:
CREATE TABLE CMPG323.ACCOUNT_TX_DETAILS ( ACCOUNT_TX_DETAILS_ID BIGINT NOT NULL, TX_ID BIGINT NOT NULL, PARTNER_NAME VARCHAR(255) NOT NULL, NUMBER_OF_ITEMS BIGINT NOT NULL, PRIMARY KEY (ACCOUNT_TX_DETAILS_ID), CONSTRAINT FK_ACCOUNT_TYPE_IDL FOREIGN KEY (ACCOUNT_TYPE_ID) REFERENCES CMPG323.DEMO_ACCOUNT_TYPE (ACCOUNT_TYPE_ID), ) [90045-199]
Caused by: org.h2.jdbc.JdbcSQLSyntaxErrorException: 
Constraint "FK_ACCOUNT_TYPE_IDL" already exists; SQL statement:
CREATE TABLE CMPG323.ACCOUNT_TX_DETAILS ( ACCOUNT_TX_DETAILS_ID BIGINT NOT NULL, TX_ID BIGINT NOT NULL, PARTNER_NAME VARCHAR(255) NOT NULL, NUMBER_OF_ITEMS BIGINT NOT NULL, PRIMARY KEY (ACCOUNT_TX_DETAILS_ID), CONSTRAINT FK_ACCOUNT_TYPE_IDL FOREIGN KEY (ACCOUNT_TYPE_ID) REFERENCES CMPG323.DEMO_ACCOUNT_TYPE (ACCOUNT_TYPE_ID), ) [90045-199]

getAccountTypeByMnemonicMiles(za.ac.nwu.ac.repo.persistence.AccountTypeRepositoryTest)  Time elapsed: 0 s  <<< ERROR!
java.lang.IllegalStateException: Failed to load ApplicationContext
Caused by: org.springframework.beans.factory.UnsatisfiedDependencyException: 
Error creating bean with name 'org.springframework.boot.autoconfigure.orm.jpa.HibernateJpaConfiguration': Unsatisfied dependency expressed through constructor parameter 0; nested exception is org.springframework.beans.factory.BeanCreationException: Error creating bean with name 'dataSource': Post-processing of FactoryBean's singleton object failed; nested exception is org.springframework.beans.factory.BeanCreationException: Error creating bean with name 'org.springframework.boot.autoconfigure.jdbc.DataSourceInitializerInvoker': Invocation of init method failed; nested exception is org.springframework.jdbc.datasource.init.ScriptStatementFailedException: Failed to execute SQL script statement #5 of URL [file:/D:/Documents/BscIT/ThirdYear/Semester%202/CMPG323/Project%201/Software/AccountSystemRepository/target/test-classes/schema.sql]: CREATE TABLE CMPG323.ACCOUNT_TX_DETAILS ( ACCOUNT_TX_DETAILS_ID BIGINT NOT NULL, TX_ID BIGINT NOT NULL, PARTNER_NAME VARCHAR(255) NOT NULL, NUMBER_OF_ITEMS BIGINT NOT NULL, PRIMARY KEY (ACCOUNT_TX_DETAILS_ID), CONSTRAINT FK_ACCOUNT_TYPE_IDL FOREIGN KEY (ACCOUNT_TYPE_ID) REFERENCES CMPG323.DEMO_ACCOUNT_TYPE (ACCOUNT_TYPE_ID), ); nested exception is org.h2.jdbc.JdbcSQLSyntaxErrorException: Constraint "FK_ACCOUNT_TYPE_IDL" already exists; SQL statement:
CREATE TABLE CMPG323.ACCOUNT_TX_DETAILS ( ACCOUNT_TX_DETAILS_ID BIGINT NOT NULL, TX_ID BIGINT NOT NULL, PARTNER_NAME VARCHAR(255) NOT NULL, NUMBER_OF_ITEMS BIGINT NOT NULL, PRIMARY KEY (ACCOUNT_TX_DETAILS_ID), CONSTRAINT FK_ACCOUNT_TYPE_IDL FOREIGN KEY (ACCOUNT_TYPE_ID) REFERENCES CMPG323.DEMO_ACCOUNT_TYPE (ACCOUNT_TYPE_ID), ) [90045-199]
Caused by: org.springframework.beans.factory.BeanCreationException: 
Error creating bean with name 'dataSource': Post-processing of FactoryBean's singleton object failed; nested exception is org.springframework.beans.factory.BeanCreationException: Error creating bean with name 'org.springframework.boot.autoconfigure.jdbc.DataSourceInitializerInvoker': Invocation of init method failed; nested exception is org.springframework.jdbc.datasource.init.ScriptStatementFailedException: Failed to execute SQL script statement #5 of URL [file:/D:/Documents/BscIT/ThirdYear/Semester%202/CMPG323/Project%201/Software/AccountSystemRepository/target/test-classes/schema.sql]: CREATE TABLE CMPG323.ACCOUNT_TX_DETAILS ( ACCOUNT_TX_DETAILS_ID BIGINT NOT NULL, TX_ID BIGINT NOT NULL, PARTNER_NAME VARCHAR(255) NOT NULL, NUMBER_OF_ITEMS BIGINT NOT NULL, PRIMARY KEY (ACCOUNT_TX_DETAILS_ID), CONSTRAINT FK_ACCOUNT_TYPE_IDL FOREIGN KEY (ACCOUNT_TYPE_ID) REFERENCES CMPG323.DEMO_ACCOUNT_TYPE (ACCOUNT_TYPE_ID), ); nested exception is org.h2.jdbc.JdbcSQLSyntaxErrorException: Constraint "FK_ACCOUNT_TYPE_IDL" already exists; SQL statement:
CREATE TABLE CMPG323.ACCOUNT_TX_DETAILS ( ACCOUNT_TX_DETAILS_ID BIGINT NOT NULL, TX_ID BIGINT NOT NULL, PARTNER_NAME VARCHAR(255) NOT NULL, NUMBER_OF_ITEMS BIGINT NOT NULL, PRIMARY KEY (ACCOUNT_TX_DETAILS_ID), CONSTRAINT FK_ACCOUNT_TYPE_IDL FOREIGN KEY (ACCOUNT_TYPE_ID) REFERENCES CMPG323.DEMO_ACCOUNT_TYPE (ACCOUNT_TYPE_ID), ) [90045-199]
Caused by: org.springframework.beans.factory.BeanCreationException: 
Error creating bean with name 'org.springframework.boot.autoconfigure.jdbc.DataSourceInitializerInvoker': Invocation of init method failed; nested exception is org.springframework.jdbc.datasource.init.ScriptStatementFailedException: Failed to execute SQL script statement #5 of URL [file:/D:/Documents/BscIT/ThirdYear/Semester%202/CMPG323/Project%201/Software/AccountSystemRepository/target/test-classes/schema.sql]: CREATE TABLE CMPG323.ACCOUNT_TX_DETAILS ( ACCOUNT_TX_DETAILS_ID BIGINT NOT NULL, TX_ID BIGINT NOT NULL, PARTNER_NAME VARCHAR(255) NOT NULL, NUMBER_OF_ITEMS BIGINT NOT NULL, PRIMARY KEY (ACCOUNT_TX_DETAILS_ID), CONSTRAINT FK_ACCOUNT_TYPE_IDL FOREIGN KEY (ACCOUNT_TYPE_ID) REFERENCES CMPG323.DEMO_ACCOUNT_TYPE (ACCOUNT_TYPE_ID), ); nested exception is org.h2.jdbc.JdbcSQLSyntaxErrorException: Constraint "FK_ACCOUNT_TYPE_IDL" already exists; SQL statement:
CREATE TABLE CMPG323.ACCOUNT_TX_DETAILS ( ACCOUNT_TX_DETAILS_ID BIGINT NOT NULL, TX_ID BIGINT NOT NULL, PARTNER_NAME VARCHAR(255) NOT NULL, NUMBER_OF_ITEMS BIGINT NOT NULL, PRIMARY KEY (ACCOUNT_TX_DETAILS_ID), CONSTRAINT FK_ACCOUNT_TYPE_IDL FOREIGN KEY (ACCOUNT_TYPE_ID) REFERENCES CMPG323.DEMO_ACCOUNT_TYPE (ACCOUNT_TYPE_ID), ) [90045-199]
Caused by: org.springframework.jdbc.datasource.init.ScriptStatementFailedException: 
Failed to execute SQL script statement #5 of URL [file:/D:/Documents/BscIT/ThirdYear/Semester%202/CMPG323/Project%201/Software/AccountSystemRepository/target/test-classes/schema.sql]: CREATE TABLE CMPG323.ACCOUNT_TX_DETAILS ( ACCOUNT_TX_DETAILS_ID BIGINT NOT NULL, TX_ID BIGINT NOT NULL, PARTNER_NAME VARCHAR(255) NOT NULL, NUMBER_OF_ITEMS BIGINT NOT NULL, PRIMARY KEY (ACCOUNT_TX_DETAILS_ID), CONSTRAINT FK_ACCOUNT_TYPE_IDL FOREIGN KEY (ACCOUNT_TYPE_ID) REFERENCES CMPG323.DEMO_ACCOUNT_TYPE (ACCOUNT_TYPE_ID), ); nested exception is org.h2.jdbc.JdbcSQLSyntaxErrorException: Constraint "FK_ACCOUNT_TYPE_IDL" already exists; SQL statement:
CREATE TABLE CMPG323.ACCOUNT_TX_DETAILS ( ACCOUNT_TX_DETAILS_ID BIGINT NOT NULL, TX_ID BIGINT NOT NULL, PARTNER_NAME VARCHAR(255) NOT NULL, NUMBER_OF_ITEMS BIGINT NOT NULL, PRIMARY KEY (ACCOUNT_TX_DETAILS_ID), CONSTRAINT FK_ACCOUNT_TYPE_IDL FOREIGN KEY (ACCOUNT_TYPE_ID) REFERENCES CMPG323.DEMO_ACCOUNT_TYPE (ACCOUNT_TYPE_ID), ) [90045-199]
Caused by: org.h2.jdbc.JdbcSQLSyntaxErrorException: 
Constraint "FK_ACCOUNT_TYPE_IDL" already exists; SQL statement:
CREATE TABLE CMPG323.ACCOUNT_TX_DETAILS ( ACCOUNT_TX_DETAILS_ID BIGINT NOT NULL, TX_ID BIGINT NOT NULL, PARTNER_NAME VARCHAR(255) NOT NULL, NUMBER_OF_ITEMS BIGINT NOT NULL, PRIMARY KEY (ACCOUNT_TX_DETAILS_ID), CONSTRAINT FK_ACCOUNT_TYPE_IDL FOREIGN KEY (ACCOUNT_TYPE_ID) REFERENCES CMPG323.DEMO_ACCOUNT_TYPE (ACCOUNT_TYPE_ID), ) [90045-199]

getAccountTypeDtoByMnemonicMiles(za.ac.nwu.ac.repo.persistence.AccountTypeRepositoryTest)  Time elapsed: 0 s  <<< ERROR!
java.lang.IllegalStateException: Failed to load ApplicationContext
Caused by: org.springframework.beans.factory.UnsatisfiedDependencyException: 
Error creating bean with name 'org.springframework.boot.autoconfigure.orm.jpa.HibernateJpaConfiguration': Unsatisfied dependency expressed through constructor parameter 0; nested exception is org.springframework.beans.factory.BeanCreationException: Error creating bean with name 'dataSource': Post-processing of FactoryBean's singleton object failed; nested exception is org.springframework.beans.factory.BeanCreationException: Error creating bean with name 'org.springframework.boot.autoconfigure.jdbc.DataSourceInitializerInvoker': Invocation of init method failed; nested exception is org.springframework.jdbc.datasource.init.ScriptStatementFailedException: Failed to execute SQL script statement #5 of URL [file:/D:/Documents/BscIT/ThirdYear/Semester%202/CMPG323/Project%201/Software/AccountSystemRepository/target/test-classes/schema.sql]: CREATE TABLE CMPG323.ACCOUNT_TX_DETAILS ( ACCOUNT_TX_DETAILS_ID BIGINT NOT NULL, TX_ID BIGINT NOT NULL, PARTNER_NAME VARCHAR(255) NOT NULL, NUMBER_OF_ITEMS BIGINT NOT NULL, PRIMARY KEY (ACCOUNT_TX_DETAILS_ID), CONSTRAINT FK_ACCOUNT_TYPE_IDL FOREIGN KEY (ACCOUNT_TYPE_ID) REFERENCES CMPG323.DEMO_ACCOUNT_TYPE (ACCOUNT_TYPE_ID), ); nested exception is org.h2.jdbc.JdbcSQLSyntaxErrorException: Constraint "FK_ACCOUNT_TYPE_IDL" already exists; SQL statement:
CREATE TABLE CMPG323.ACCOUNT_TX_DETAILS ( ACCOUNT_TX_DETAILS_ID BIGINT NOT NULL, TX_ID BIGINT NOT NULL, PARTNER_NAME VARCHAR(255) NOT NULL, NUMBER_OF_ITEMS BIGINT NOT NULL, PRIMARY KEY (ACCOUNT_TX_DETAILS_ID), CONSTRAINT FK_ACCOUNT_TYPE_IDL FOREIGN KEY (ACCOUNT_TYPE_ID) REFERENCES CMPG323.DEMO_ACCOUNT_TYPE (ACCOUNT_TYPE_ID), ) [90045-199]
Caused by: org.springframework.beans.factory.BeanCreationException: 
Error creating bean with name 'dataSource': Post-processing of FactoryBean's singleton object failed; nested exception is org.springframework.beans.factory.BeanCreationException: Error creating bean with name 'org.springframework.boot.autoconfigure.jdbc.DataSourceInitializerInvoker': Invocation of init method failed; nested exception is org.springframework.jdbc.datasource.init.ScriptStatementFailedException: Failed to execute SQL script statement #5 of URL [file:/D:/Documents/BscIT/ThirdYear/Semester%202/CMPG323/Project%201/Software/AccountSystemRepository/target/test-classes/schema.sql]: CREATE TABLE CMPG323.ACCOUNT_TX_DETAILS ( ACCOUNT_TX_DETAILS_ID BIGINT NOT NULL, TX_ID BIGINT NOT NULL, PARTNER_NAME VARCHAR(255) NOT NULL, NUMBER_OF_ITEMS BIGINT NOT NULL, PRIMARY KEY (ACCOUNT_TX_DETAILS_ID), CONSTRAINT FK_ACCOUNT_TYPE_IDL FOREIGN KEY (ACCOUNT_TYPE_ID) REFERENCES CMPG323.DEMO_ACCOUNT_TYPE (ACCOUNT_TYPE_ID), ); nested exception is org.h2.jdbc.JdbcSQLSyntaxErrorException: Constraint "FK_ACCOUNT_TYPE_IDL" already exists; SQL statement:
CREATE TABLE CMPG323.ACCOUNT_TX_DETAILS ( ACCOUNT_TX_DETAILS_ID BIGINT NOT NULL, TX_ID BIGINT NOT NULL, PARTNER_NAME VARCHAR(255) NOT NULL, NUMBER_OF_ITEMS BIGINT NOT NULL, PRIMARY KEY (ACCOUNT_TX_DETAILS_ID), CONSTRAINT FK_ACCOUNT_TYPE_IDL FOREIGN KEY (ACCOUNT_TYPE_ID) REFERENCES CMPG323.DEMO_ACCOUNT_TYPE (ACCOUNT_TYPE_ID), ) [90045-199]
Caused by: org.springframework.beans.factory.BeanCreationException: 
Error creating bean with name 'org.springframework.boot.autoconfigure.jdbc.DataSourceInitializerInvoker': Invocation of init method failed; nested exception is org.springframework.jdbc.datasource.init.ScriptStatementFailedException: Failed to execute SQL script statement #5 of URL [file:/D:/Documents/BscIT/ThirdYear/Semester%202/CMPG323/Project%201/Software/AccountSystemRepository/target/test-classes/schema.sql]: CREATE TABLE CMPG323.ACCOUNT_TX_DETAILS ( ACCOUNT_TX_DETAILS_ID BIGINT NOT NULL, TX_ID BIGINT NOT NULL, PARTNER_NAME VARCHAR(255) NOT NULL, NUMBER_OF_ITEMS BIGINT NOT NULL, PRIMARY KEY (ACCOUNT_TX_DETAILS_ID), CONSTRAINT FK_ACCOUNT_TYPE_IDL FOREIGN KEY (ACCOUNT_TYPE_ID) REFERENCES CMPG323.DEMO_ACCOUNT_TYPE (ACCOUNT_TYPE_ID), ); nested exception is org.h2.jdbc.JdbcSQLSyntaxErrorException: Constraint "FK_ACCOUNT_TYPE_IDL" already exists; SQL statement:
CREATE TABLE CMPG323.ACCOUNT_TX_DETAILS ( ACCOUNT_TX_DETAILS_ID BIGINT NOT NULL, TX_ID BIGINT NOT NULL, PARTNER_NAME VARCHAR(255) NOT NULL, NUMBER_OF_ITEMS BIGINT NOT NULL, PRIMARY KEY (ACCOUNT_TX_DETAILS_ID), CONSTRAINT FK_ACCOUNT_TYPE_IDL FOREIGN KEY (ACCOUNT_TYPE_ID) REFERENCES CMPG323.DEMO_ACCOUNT_TYPE (ACCOUNT_TYPE_ID), ) [90045-199]
Caused by: org.springframework.jdbc.datasource.init.ScriptStatementFailedException: 
Failed to execute SQL script statement #5 of URL [file:/D:/Documents/BscIT/ThirdYear/Semester%202/CMPG323/Project%201/Software/AccountSystemRepository/target/test-classes/schema.sql]: CREATE TABLE CMPG323.ACCOUNT_TX_DETAILS ( ACCOUNT_TX_DETAILS_ID BIGINT NOT NULL, TX_ID BIGINT NOT NULL, PARTNER_NAME VARCHAR(255) NOT NULL, NUMBER_OF_ITEMS BIGINT NOT NULL, PRIMARY KEY (ACCOUNT_TX_DETAILS_ID), CONSTRAINT FK_ACCOUNT_TYPE_IDL FOREIGN KEY (ACCOUNT_TYPE_ID) REFERENCES CMPG323.DEMO_ACCOUNT_TYPE (ACCOUNT_TYPE_ID), ); nested exception is org.h2.jdbc.JdbcSQLSyntaxErrorException: Constraint "FK_ACCOUNT_TYPE_IDL" already exists; SQL statement:
CREATE TABLE CMPG323.ACCOUNT_TX_DETAILS ( ACCOUNT_TX_DETAILS_ID BIGINT NOT NULL, TX_ID BIGINT NOT NULL, PARTNER_NAME VARCHAR(255) NOT NULL, NUMBER_OF_ITEMS BIGINT NOT NULL, PRIMARY KEY (ACCOUNT_TX_DETAILS_ID), CONSTRAINT FK_ACCOUNT_TYPE_IDL FOREIGN KEY (ACCOUNT_TYPE_ID) REFERENCES CMPG323.DEMO_ACCOUNT_TYPE (ACCOUNT_TYPE_ID), ) [90045-199]
Caused by: org.h2.jdbc.JdbcSQLSyntaxErrorException: 
Constraint "FK_ACCOUNT_TYPE_IDL" already exists; SQL statement:
CREATE TABLE CMPG323.ACCOUNT_TX_DETAILS ( ACCOUNT_TX_DETAILS_ID BIGINT NOT NULL, TX_ID BIGINT NOT NULL, PARTNER_NAME VARCHAR(255) NOT NULL, NUMBER_OF_ITEMS BIGINT NOT NULL, PRIMARY KEY (ACCOUNT_TX_DETAILS_ID), CONSTRAINT FK_ACCOUNT_TYPE_IDL FOREIGN KEY (ACCOUNT_TYPE_ID) REFERENCES CMPG323.DEMO_ACCOUNT_TYPE (ACCOUNT_TYPE_ID), ) [90045-199]

getAccountTypeByMnemonicNativeQuery(za.ac.nwu.ac.repo.persistence.AccountTypeRepositoryTest)  Time elapsed: 0.005 s  <<< ERROR!
java.lang.IllegalStateException: Failed to load ApplicationContext
Caused by: org.springframework.beans.factory.UnsatisfiedDependencyException: 
Error creating bean with name 'org.springframework.boot.autoconfigure.orm.jpa.HibernateJpaConfiguration': Unsatisfied dependency expressed through constructor parameter 0; nested exception is org.springframework.beans.factory.BeanCreationException: Error creating bean with name 'dataSource': Post-processing of FactoryBean's singleton object failed; nested exception is org.springframework.beans.factory.BeanCreationException: Error creating bean with name 'org.springframework.boot.autoconfigure.jdbc.DataSourceInitializerInvoker': Invocation of init method failed; nested exception is org.springframework.jdbc.datasource.init.ScriptStatementFailedException: Failed to execute SQL script statement #5 of URL [file:/D:/Documents/BscIT/ThirdYear/Semester%202/CMPG323/Project%201/Software/AccountSystemRepository/target/test-classes/schema.sql]: CREATE TABLE CMPG323.ACCOUNT_TX_DETAILS ( ACCOUNT_TX_DETAILS_ID BIGINT NOT NULL, TX_ID BIGINT NOT NULL, PARTNER_NAME VARCHAR(255) NOT NULL, NUMBER_OF_ITEMS BIGINT NOT NULL, PRIMARY KEY (ACCOUNT_TX_DETAILS_ID), CONSTRAINT FK_ACCOUNT_TYPE_IDL FOREIGN KEY (ACCOUNT_TYPE_ID) REFERENCES CMPG323.DEMO_ACCOUNT_TYPE (ACCOUNT_TYPE_ID), ); nested exception is org.h2.jdbc.JdbcSQLSyntaxErrorException: Constraint "FK_ACCOUNT_TYPE_IDL" already exists; SQL statement:
CREATE TABLE CMPG323.ACCOUNT_TX_DETAILS ( ACCOUNT_TX_DETAILS_ID BIGINT NOT NULL, TX_ID BIGINT NOT NULL, PARTNER_NAME VARCHAR(255) NOT NULL, NUMBER_OF_ITEMS BIGINT NOT NULL, PRIMARY KEY (ACCOUNT_TX_DETAILS_ID), CONSTRAINT FK_ACCOUNT_TYPE_IDL FOREIGN KEY (ACCOUNT_TYPE_ID) REFERENCES CMPG323.DEMO_ACCOUNT_TYPE (ACCOUNT_TYPE_ID), ) [90045-199]
Caused by: org.springframework.beans.factory.BeanCreationException: 
Error creating bean with name 'dataSource': Post-processing of FactoryBean's singleton object failed; nested exception is org.springframework.beans.factory.BeanCreationException: Error creating bean with name 'org.springframework.boot.autoconfigure.jdbc.DataSourceInitializerInvoker': Invocation of init method failed; nested exception is org.springframework.jdbc.datasource.init.ScriptStatementFailedException: Failed to execute SQL script statement #5 of URL [file:/D:/Documents/BscIT/ThirdYear/Semester%202/CMPG323/Project%201/Software/AccountSystemRepository/target/test-classes/schema.sql]: CREATE TABLE CMPG323.ACCOUNT_TX_DETAILS ( ACCOUNT_TX_DETAILS_ID BIGINT NOT NULL, TX_ID BIGINT NOT NULL, PARTNER_NAME VARCHAR(255) NOT NULL, NUMBER_OF_ITEMS BIGINT NOT NULL, PRIMARY KEY (ACCOUNT_TX_DETAILS_ID), CONSTRAINT FK_ACCOUNT_TYPE_IDL FOREIGN KEY (ACCOUNT_TYPE_ID) REFERENCES CMPG323.DEMO_ACCOUNT_TYPE (ACCOUNT_TYPE_ID), ); nested exception is org.h2.jdbc.JdbcSQLSyntaxErrorException: Constraint "FK_ACCOUNT_TYPE_IDL" already exists; SQL statement:
CREATE TABLE CMPG323.ACCOUNT_TX_DETAILS ( ACCOUNT_TX_DETAILS_ID BIGINT NOT NULL, TX_ID BIGINT NOT NULL, PARTNER_NAME VARCHAR(255) NOT NULL, NUMBER_OF_ITEMS BIGINT NOT NULL, PRIMARY KEY (ACCOUNT_TX_DETAILS_ID), CONSTRAINT FK_ACCOUNT_TYPE_IDL FOREIGN KEY (ACCOUNT_TYPE_ID) REFERENCES CMPG323.DEMO_ACCOUNT_TYPE (ACCOUNT_TYPE_ID), ) [90045-199]
Caused by: org.springframework.beans.factory.BeanCreationException: 
Error creating bean with name 'org.springframework.boot.autoconfigure.jdbc.DataSourceInitializerInvoker': Invocation of init method failed; nested exception is org.springframework.jdbc.datasource.init.ScriptStatementFailedException: Failed to execute SQL script statement #5 of URL [file:/D:/Documents/BscIT/ThirdYear/Semester%202/CMPG323/Project%201/Software/AccountSystemRepository/target/test-classes/schema.sql]: CREATE TABLE CMPG323.ACCOUNT_TX_DETAILS ( ACCOUNT_TX_DETAILS_ID BIGINT NOT NULL, TX_ID BIGINT NOT NULL, PARTNER_NAME VARCHAR(255) NOT NULL, NUMBER_OF_ITEMS BIGINT NOT NULL, PRIMARY KEY (ACCOUNT_TX_DETAILS_ID), CONSTRAINT FK_ACCOUNT_TYPE_IDL FOREIGN KEY (ACCOUNT_TYPE_ID) REFERENCES CMPG323.DEMO_ACCOUNT_TYPE (ACCOUNT_TYPE_ID), ); nested exception is org.h2.jdbc.JdbcSQLSyntaxErrorException: Constraint "FK_ACCOUNT_TYPE_IDL" already exists; SQL statement:
CREATE TABLE CMPG323.ACCOUNT_TX_DETAILS ( ACCOUNT_TX_DETAILS_ID BIGINT NOT NULL, TX_ID BIGINT NOT NULL, PARTNER_NAME VARCHAR(255) NOT NULL, NUMBER_OF_ITEMS BIGINT NOT NULL, PRIMARY KEY (ACCOUNT_TX_DETAILS_ID), CONSTRAINT FK_ACCOUNT_TYPE_IDL FOREIGN KEY (ACCOUNT_TYPE_ID) REFERENCES CMPG323.DEMO_ACCOUNT_TYPE (ACCOUNT_TYPE_ID), ) [90045-199]
Caused by: org.springframework.jdbc.datasource.init.ScriptStatementFailedException: 
Failed to execute SQL script statement #5 of URL [file:/D:/Documents/BscIT/ThirdYear/Semester%202/CMPG323/Project%201/Software/AccountSystemRepository/target/test-classes/schema.sql]: CREATE TABLE CMPG323.ACCOUNT_TX_DETAILS ( ACCOUNT_TX_DETAILS_ID BIGINT NOT NULL, TX_ID BIGINT NOT NULL, PARTNER_NAME VARCHAR(255) NOT NULL, NUMBER_OF_ITEMS BIGINT NOT NULL, PRIMARY KEY (ACCOUNT_TX_DETAILS_ID), CONSTRAINT FK_ACCOUNT_TYPE_IDL FOREIGN KEY (ACCOUNT_TYPE_ID) REFERENCES CMPG323.DEMO_ACCOUNT_TYPE (ACCOUNT_TYPE_ID), ); nested exception is org.h2.jdbc.JdbcSQLSyntaxErrorException: Constraint "FK_ACCOUNT_TYPE_IDL" already exists; SQL statement:
CREATE TABLE CMPG323.ACCOUNT_TX_DETAILS ( ACCOUNT_TX_DETAILS_ID BIGINT NOT NULL, TX_ID BIGINT NOT NULL, PARTNER_NAME VARCHAR(255) NOT NULL, NUMBER_OF_ITEMS BIGINT NOT NULL, PRIMARY KEY (ACCOUNT_TX_DETAILS_ID), CONSTRAINT FK_ACCOUNT_TYPE_IDL FOREIGN KEY (ACCOUNT_TYPE_ID) REFERENCES CMPG323.DEMO_ACCOUNT_TYPE (ACCOUNT_TYPE_ID), ) [90045-199]
Caused by: org.h2.jdbc.JdbcSQLSyntaxErrorException: 
Constraint "FK_ACCOUNT_TYPE_IDL" already exists; SQL statement:
CREATE TABLE CMPG323.ACCOUNT_TX_DETAILS ( ACCOUNT_TX_DETAILS_ID BIGINT NOT NULL, TX_ID BIGINT NOT NULL, PARTNER_NAME VARCHAR(255) NOT NULL, NUMBER_OF_ITEMS BIGINT NOT NULL, PRIMARY KEY (ACCOUNT_TX_DETAILS_ID), CONSTRAINT FK_ACCOUNT_TYPE_IDL FOREIGN KEY (ACCOUNT_TYPE_ID) REFERENCES CMPG323.DEMO_ACCOUNT_TYPE (ACCOUNT_TYPE_ID), ) [90045-199]

